E:\LIU DEZHI\VS2012\PBMSYSTEM\PBMSYSTEM\PBMSYSTEM\DEBUG\ACCOUNT.OBJ
E:\LIU DEZHI\VS2012\PBMSYSTEM\PBMSYSTEM\PBMSYSTEM\DEBUG\MAIN.OBJ
E:\LIU DEZHI\VS2012\PBMSYSTEM\PBMSYSTEM\PBMSYSTEM\DEBUG\VC110.PDB
E:\LIU DEZHI\VS2012\PBMSYSTEM\PBMSYSTEM\DEBUG\PBMSYSTEM.ILK
E:\LIU DEZHI\VS2012\PBMSYSTEM\PBMSYSTEM\DEBUG\PBMSYSTEM.EXE
E:\LIU DEZHI\VS2012\PBMSYSTEM\PBMSYSTEM\DEBUG\PBMSYSTEM.PDB
E:\Liu Dezhi\VS2012\PBMSystem\PBMSystem\PBMSystem\Debug\account.obj
E:\Liu Dezhi\VS2012\PBMSystem\PBMSystem\PBMSystem\Debug\main.obj
E:\Liu Dezhi\VS2012\PBMSystem\PBMSystem\PBMSystem\Debug\cl.command.1.tlog
E:\Liu Dezhi\VS2012\PBMSystem\PBMSystem\PBMSystem\Debug\CL.read.1.tlog
E:\Liu Dezhi\VS2012\PBMSystem\PBMSystem\PBMSystem\Debug\CL.write.1.tlog
E:\Liu Dezhi\VS2012\PBMSystem\PBMSystem\PBMSystem\Debug\link-cvtres.read.1.tlog
E:\Liu Dezhi\VS2012\PBMSystem\PBMSystem\PBMSystem\Debug\link-cvtres.write.1.tlog
E:\Liu Dezhi\VS2012\PBMSystem\PBMSystem\PBMSystem\Debug\link-rc.read.1.tlog
E:\Liu Dezhi\VS2012\PBMSystem\PBMSystem\PBMSystem\Debug\link-rc.write.1.tlog
E:\Liu Dezhi\VS2012\PBMSystem\PBMSystem\PBMSystem\Debug\link.command.1.tlog
E:\Liu Dezhi\VS2012\PBMSystem\PBMSystem\PBMSystem\Debug\link.read.1.tlog
E:\Liu Dezhi\VS2012\PBMSystem\PBMSystem\PBMSystem\Debug\link.write.1.tlog
E:\Liu Dezhi\VS2012\PBMSystem\PBMSystem\PBMSystem\Debug\vc110.idb
E:\Liu Dezhi\VS2012\PBMSystem\PBMSystem\PBMSystem\Debug\vc110.pdb
E:\Liu Dezhi\VS2012\PBMSystem\PBMSystem\Debug\PBMSystem.pdb
E:\Liu Dezhi\VS2012\PBMSystem\PBMSystem\Debug\PBMSystem.exe
E:\Liu Dezhi\VS2012\PBMSystem\PBMSystem\Debug\PBMSystem.ilk
